<?xml version="1.0" encoding="UTF-8"?>
<testng-results skipped="0" failed="0" total="1" passed="1">
  <reporter-output>
  </reporter-output>
  <suite name="Default suite" duration-ms="79" started-at="2020-03-28T16:06:38Z" finished-at="2020-03-28T16:06:38Z">
    <groups>
    </groups>
    <test name="Default test" duration-ms="79" started-at="2020-03-28T16:06:38Z" finished-at="2020-03-28T16:06:38Z">
      <class name="Git_Example.NewTest">
        <test-method status="PASS" signature="beforeTest()[pri:0, instance:Git_Example.NewTest@26f67b76]" name="beforeTest" is-config="true" duration-ms="24" started-at="2020-03-28T21:36:38Z" finished-at="2020-03-28T21:36:38Z">
          <reporter-output>
          </reporter-output>
        </test-method> <!-- beforeTest -->
        <test-method status="PASS" signature="f()[pri:0, instance:Git_Example.NewTest@26f67b76]" name="f" duration-ms="13" started-at="2020-03-28T21:36:38Z" finished-at="2020-03-28T21:36:38Z">
          <reporter-output>
          </reporter-output>
        </test-method> <!-- f -->
        <test-method status="PASS" signature="afterTest()[pri:0, instance:Git_Example.NewTest@26f67b76]" name="afterTest" is-config="true" duration-ms="0" started-at="2020-03-28T21:36:38Z" finished-at="2020-03-28T21:36:38Z">
          <reporter-output>
          </reporter-output>
        </test-method> <!-- afterTest -->
      </class> <!-- Git_Example.NewTest -->
    </test> <!-- Default test -->
  </suite> <!-- Default suite -->
</testng-results>
